<?xml version="1.0" encoding="UTF-8"?>
<testng-results ignored="0" total="1" passed="1" failed="0" skipped="0">
  <reporter-output>
  </reporter-output>
  <suite started-at="2021-03-04T11:00:04 IST" name="Default suite" finished-at="2021-03-04T11:00:20 IST" duration-ms="15728">
    <groups>
    </groups>
    <test started-at="2021-03-04T11:00:04 IST" name="Default test" finished-at="2021-03-04T11:00:20 IST" duration-ms="15728">
      <class name="src.ScrollingWebPage">
        <test-method signature="test_1()[pri:0, instance:src.ScrollingWebPage@702b8b12]" started-at="2021-03-04T11:00:04 IST" name="test_1" finished-at="2021-03-04T11:00:20 IST" duration-ms="15660" status="PASS">
          <reporter-output>
          </reporter-output>
        </test-method> <!-- test_1 -->
      </class> <!-- src.ScrollingWebPage -->
    </test> <!-- Default test -->
  </suite> <!-- Default suite -->
</testng-results>
